{
  "D:\\prog\\js\\class-components\\src\\App.tsx": {
    "path": "D:\\prog\\js\\class-components\\src\\App.tsx",
    "all": true,
    "statementMap": {
      "0": {
        "start": { "line": 1, "column": 0 },
        "end": { "line": 1, "column": 26 }
      },
      "1": {
        "start": { "line": 2, "column": 0 },
        "end": { "line": 2, "column": 48 }
      },
      "2": {
        "start": { "line": 3, "column": 0 },
        "end": { "line": 3, "column": 37 }
      },
      "3": {
        "start": { "line": 4, "column": 0 },
        "end": { "line": 4, "column": 48 }
      },
      "5": {
        "start": { "line": 6, "column": 0 },
        "end": { "line": 6, "column": 50 }
      },
      "6": {
        "start": { "line": 7, "column": 0 },
        "end": { "line": 7, "column": 12 }
      },
      "7": {
        "start": { "line": 8, "column": 0 },
        "end": { "line": 8, "column": 12 }
      },
      "8": {
        "start": { "line": 9, "column": 0 },
        "end": { "line": 9, "column": 8 }
      },
      "9": {
        "start": { "line": 10, "column": 0 },
        "end": { "line": 10, "column": 18 }
      },
      "10": {
        "start": { "line": 11, "column": 0 },
        "end": { "line": 11, "column": 16 }
      },
      "11": {
        "start": { "line": 12, "column": 0 },
        "end": { "line": 12, "column": 18 }
      },
      "12": {
        "start": { "line": 13, "column": 0 },
        "end": { "line": 13, "column": 9 }
      },
      "14": {
        "start": { "line": 15, "column": 0 },
        "end": { "line": 15, "column": 3 }
      },
      "15": {
        "start": { "line": 16, "column": 0 },
        "end": { "line": 16, "column": 1 }
      }
    },
    "s": {
      "0": 0,
      "1": 0,
      "2": 0,
      "3": 0,
      "5": 0,
      "6": 0,
      "7": 0,
      "8": 0,
      "9": 0,
      "10": 0,
      "11": 0,
      "12": 0,
      "14": 0,
      "15": 0
    },
    "branchMap": {
      "0": {
        "type": "branch",
        "line": 1,
        "loc": {
          "start": { "line": 1, "column": 327 },
          "end": { "line": 16, "column": 1 }
        },
        "locations": [
          {
            "start": { "line": 1, "column": 327 },
            "end": { "line": 16, "column": 1 }
          }
        ]
      }
    },
    "b": { "0": [0] },
    "fnMap": {
      "0": {
        "name": "(empty-report)",
        "decl": {
          "start": { "line": 1, "column": 327 },
          "end": { "line": 16, "column": 1 }
        },
        "loc": {
          "start": { "line": 1, "column": 327 },
          "end": { "line": 16, "column": 1 }
        },
        "line": 1
      }
    },
    "f": { "0": 0 }
  },
  "D:\\prog\\js\\class-components\\src\\assets\\img\\github-logo.tsx": {
    "path": "D:\\prog\\js\\class-components\\src\\assets\\img\\github-logo.tsx",
    "all": false,
    "statementMap": {
      "0": {
        "start": { "line": 1, "column": 0 },
        "end": { "line": 1, "column": 26 }
      },
      "6": {
        "start": { "line": 7, "column": 0 },
        "end": { "line": 7, "column": 64 }
      },
      "7": {
        "start": { "line": 8, "column": 0 },
        "end": { "line": 8, "column": 12 }
      },
      "8": {
        "start": { "line": 9, "column": 0 },
        "end": { "line": 9, "column": 12 }
      },
      "9": {
        "start": { "line": 10, "column": 0 },
        "end": { "line": 10, "column": 10 }
      },
      "10": {
        "start": { "line": 11, "column": 0 },
        "end": { "line": 11, "column": 40 }
      },
      "11": {
        "start": { "line": 12, "column": 0 },
        "end": { "line": 12, "column": 21 }
      },
      "12": {
        "start": { "line": 13, "column": 0 },
        "end": { "line": 13, "column": 22 }
      },
      "13": {
        "start": { "line": 14, "column": 0 },
        "end": { "line": 14, "column": 27 }
      },
      "14": {
        "start": { "line": 15, "column": 0 },
        "end": { "line": 15, "column": 19 }
      },
      "15": {
        "start": { "line": 16, "column": 0 },
        "end": { "line": 16, "column": 42 }
      },
      "17": {
        "start": { "line": 18, "column": 0 },
        "end": { "line": 18, "column": 13 }
      },
      "18": {
        "start": { "line": 19, "column": 0 },
        "end": { "line": 19, "column": 631 }
      },
      "19": {
        "start": { "line": 20, "column": 0 },
        "end": { "line": 20, "column": 26 }
      },
      "20": {
        "start": { "line": 21, "column": 0 },
        "end": { "line": 21, "column": 27 }
      },
      "21": {
        "start": { "line": 22, "column": 0 },
        "end": { "line": 22, "column": 31 }
      },
      "22": {
        "start": { "line": 23, "column": 0 },
        "end": { "line": 23, "column": 32 }
      },
      "23": {
        "start": { "line": 24, "column": 0 },
        "end": { "line": 24, "column": 10 }
      },
      "24": {
        "start": { "line": 25, "column": 0 },
        "end": { "line": 25, "column": 13 }
      },
      "25": {
        "start": { "line": 26, "column": 0 },
        "end": { "line": 26, "column": 56 }
      },
      "26": {
        "start": { "line": 27, "column": 0 },
        "end": { "line": 27, "column": 26 }
      },
      "27": {
        "start": { "line": 28, "column": 0 },
        "end": { "line": 28, "column": 27 }
      },
      "28": {
        "start": { "line": 29, "column": 0 },
        "end": { "line": 29, "column": 31 }
      },
      "29": {
        "start": { "line": 30, "column": 0 },
        "end": { "line": 30, "column": 32 }
      },
      "30": {
        "start": { "line": 31, "column": 0 },
        "end": { "line": 31, "column": 10 }
      },
      "31": {
        "start": { "line": 32, "column": 0 },
        "end": { "line": 32, "column": 12 }
      },
      "33": {
        "start": { "line": 34, "column": 0 },
        "end": { "line": 34, "column": 3 }
      },
      "34": {
        "start": { "line": 35, "column": 0 },
        "end": { "line": 35, "column": 1 }
      }
    },
    "s": {
      "0": 1,
      "6": 1,
      "7": 1,
      "8": 1,
      "9": 1,
      "10": 1,
      "11": 1,
      "12": 1,
      "13": 1,
      "14": 1,
      "15": 1,
      "17": 1,
      "18": 1,
      "19": 1,
      "20": 1,
      "21": 1,
      "22": 1,
      "23": 1,
      "24": 1,
      "25": 1,
      "26": 1,
      "27": 1,
      "28": 1,
      "29": 1,
      "30": 1,
      "31": 1,
      "33": 1,
      "34": 1
    },
    "branchMap": {
      "0": {
        "type": "branch",
        "line": 8,
        "loc": {
          "start": { "line": 8, "column": 2 },
          "end": { "line": 34, "column": 3 }
        },
        "locations": [
          {
            "start": { "line": 8, "column": 2 },
            "end": { "line": 34, "column": 3 }
          }
        ]
      }
    },
    "b": { "0": [1] },
    "fnMap": {
      "0": {
        "name": "render",
        "decl": {
          "start": { "line": 8, "column": 2 },
          "end": { "line": 34, "column": 3 }
        },
        "loc": {
          "start": { "line": 8, "column": 2 },
          "end": { "line": 34, "column": 3 }
        },
        "line": 8
      }
    },
    "f": { "0": 1 }
  },
  "D:\\prog\\js\\class-components\\src\\assets\\img\\pokemon.tsx": {
    "path": "D:\\prog\\js\\class-components\\src\\assets\\img\\pokemon.tsx",
    "all": false,
    "statementMap": {
      "0": {
        "start": { "line": 1, "column": 0 },
        "end": { "line": 1, "column": 26 }
      },
      "6": {
        "start": { "line": 7, "column": 0 },
        "end": { "line": 7, "column": 61 }
      },
      "7": {
        "start": { "line": 8, "column": 0 },
        "end": { "line": 8, "column": 12 }
      },
      "8": {
        "start": { "line": 9, "column": 0 },
        "end": { "line": 9, "column": 12 }
      },
      "9": {
        "start": { "line": 10, "column": 0 },
        "end": { "line": 10, "column": 10 }
      },
      "10": {
        "start": { "line": 11, "column": 0 },
        "end": { "line": 11, "column": 40 }
      },
      "11": {
        "start": { "line": 12, "column": 0 },
        "end": { "line": 12, "column": 22 }
      },
      "12": {
        "start": { "line": 13, "column": 0 },
        "end": { "line": 13, "column": 21 }
      },
      "13": {
        "start": { "line": 14, "column": 0 },
        "end": { "line": 14, "column": 22 }
      },
      "14": {
        "start": { "line": 15, "column": 0 },
        "end": { "line": 15, "column": 27 }
      },
      "15": {
        "start": { "line": 16, "column": 0 },
        "end": { "line": 16, "column": 18 }
      },
      "16": {
        "start": { "line": 17, "column": 0 },
        "end": { "line": 17, "column": 42 }
      },
      "18": {
        "start": { "line": 19, "column": 0 },
        "end": { "line": 19, "column": 35 }
      },
      "19": {
        "start": { "line": 20, "column": 0 },
        "end": { "line": 20, "column": 3710 }
      },
      "20": {
        "start": { "line": 21, "column": 0 },
        "end": { "line": 21, "column": 12 }
      },
      "22": {
        "start": { "line": 23, "column": 0 },
        "end": { "line": 23, "column": 3 }
      },
      "23": {
        "start": { "line": 24, "column": 0 },
        "end": { "line": 24, "column": 1 }
      }
    },
    "s": {
      "0": 1,
      "6": 1,
      "7": 1,
      "8": 1,
      "9": 1,
      "10": 1,
      "11": 1,
      "12": 1,
      "13": 1,
      "14": 1,
      "15": 1,
      "16": 1,
      "18": 1,
      "19": 1,
      "20": 1,
      "22": 1,
      "23": 1
    },
    "branchMap": {
      "0": {
        "type": "branch",
        "line": 8,
        "loc": {
          "start": { "line": 8, "column": 2 },
          "end": { "line": 23, "column": 3 }
        },
        "locations": [
          {
            "start": { "line": 8, "column": 2 },
            "end": { "line": 23, "column": 3 }
          }
        ]
      }
    },
    "b": { "0": [1] },
    "fnMap": {
      "0": {
        "name": "render",
        "decl": {
          "start": { "line": 8, "column": 2 },
          "end": { "line": 23, "column": 3 }
        },
        "loc": {
          "start": { "line": 8, "column": 2 },
          "end": { "line": 23, "column": 3 }
        },
        "line": 8
      }
    },
    "f": { "0": 1 }
  },
  "D:\\prog\\js\\class-components\\src\\assets\\img\\rsSchool-logo.tsx": {
    "path": "D:\\prog\\js\\class-components\\src\\assets\\img\\rsSchool-logo.tsx",
    "all": false,
    "statementMap": {
      "0": {
        "start": { "line": 1, "column": 0 },
        "end": { "line": 1, "column": 26 }
      },
      "6": {
        "start": { "line": 7, "column": 0 },
        "end": { "line": 7, "column": 66 }
      },
      "7": {
        "start": { "line": 8, "column": 0 },
        "end": { "line": 8, "column": 12 }
      },
      "8": {
        "start": { "line": 9, "column": 0 },
        "end": { "line": 9, "column": 12 }
      },
      "9": {
        "start": { "line": 10, "column": 0 },
        "end": { "line": 10, "column": 10 }
      },
      "10": {
        "start": { "line": 11, "column": 0 },
        "end": { "line": 11, "column": 40 }
      },
      "11": {
        "start": { "line": 12, "column": 0 },
        "end": { "line": 12, "column": 27 }
      },
      "12": {
        "start": { "line": 13, "column": 0 },
        "end": { "line": 13, "column": 19 }
      },
      "13": {
        "start": { "line": 14, "column": 0 },
        "end": { "line": 14, "column": 42 }
      },
      "15": {
        "start": { "line": 16, "column": 0 },
        "end": { "line": 16, "column": 45 }
      },
      "16": {
        "start": { "line": 17, "column": 0 },
        "end": { "line": 17, "column": 56 }
      },
      "17": {
        "start": { "line": 18, "column": 0 },
        "end": { "line": 18, "column": 15 }
      },
      "18": {
        "start": { "line": 19, "column": 0 },
        "end": { "line": 19, "column": 30 }
      },
      "19": {
        "start": { "line": 20, "column": 0 },
        "end": { "line": 20, "column": 30 }
      },
      "20": {
        "start": { "line": 21, "column": 0 },
        "end": { "line": 21, "column": 596 }
      },
      "21": {
        "start": { "line": 22, "column": 0 },
        "end": { "line": 22, "column": 25 }
      },
      "22": {
        "start": { "line": 23, "column": 0 },
        "end": { "line": 23, "column": 12 }
      },
      "23": {
        "start": { "line": 24, "column": 0 },
        "end": { "line": 24, "column": 15 }
      },
      "24": {
        "start": { "line": 25, "column": 0 },
        "end": { "line": 25, "column": 950 }
      },
      "25": {
        "start": { "line": 26, "column": 0 },
        "end": { "line": 26, "column": 25 }
      },
      "26": {
        "start": { "line": 27, "column": 0 },
        "end": { "line": 27, "column": 12 }
      },
      "27": {
        "start": { "line": 28, "column": 0 },
        "end": { "line": 28, "column": 12 }
      },
      "28": {
        "start": { "line": 29, "column": 0 },
        "end": { "line": 29, "column": 14 }
      },
      "29": {
        "start": { "line": 30, "column": 0 },
        "end": { "line": 30, "column": 42 }
      },
      "30": {
        "start": { "line": 31, "column": 0 },
        "end": { "line": 31, "column": 56 }
      },
      "31": {
        "start": { "line": 32, "column": 0 },
        "end": { "line": 32, "column": 21 }
      },
      "32": {
        "start": { "line": 33, "column": 0 },
        "end": { "line": 33, "column": 15 }
      },
      "33": {
        "start": { "line": 34, "column": 0 },
        "end": { "line": 34, "column": 12 }
      },
      "35": {
        "start": { "line": 36, "column": 0 },
        "end": { "line": 36, "column": 3 }
      },
      "36": {
        "start": { "line": 37, "column": 0 },
        "end": { "line": 37, "column": 1 }
      }
    },
    "s": {
      "0": 1,
      "6": 1,
      "7": 1,
      "8": 1,
      "9": 1,
      "10": 1,
      "11": 1,
      "12": 1,
      "13": 1,
      "15": 1,
      "16": 1,
      "17": 1,
      "18": 1,
      "19": 1,
      "20": 1,
      "21": 1,
      "22": 1,
      "23": 1,
      "24": 1,
      "25": 1,
      "26": 1,
      "27": 1,
      "28": 1,
      "29": 1,
      "30": 1,
      "31": 1,
      "32": 1,
      "33": 1,
      "35": 1,
      "36": 1
    },
    "branchMap": {
      "0": {
        "type": "branch",
        "line": 8,
        "loc": {
          "start": { "line": 8, "column": 2 },
          "end": { "line": 36, "column": 3 }
        },
        "locations": [
          {
            "start": { "line": 8, "column": 2 },
            "end": { "line": 36, "column": 3 }
          }
        ]
      }
    },
    "b": { "0": [1] },
    "fnMap": {
      "0": {
        "name": "render",
        "decl": {
          "start": { "line": 8, "column": 2 },
          "end": { "line": 36, "column": 3 }
        },
        "loc": {
          "start": { "line": 8, "column": 2 },
          "end": { "line": 36, "column": 3 }
        },
        "line": 8
      }
    },
    "f": { "0": 1 }
  },
  "D:\\prog\\js\\class-components\\src\\assets\\img\\searchIcon.tsx": {
    "path": "D:\\prog\\js\\class-components\\src\\assets\\img\\searchIcon.tsx",
    "all": false,
    "statementMap": {
      "0": {
        "start": { "line": 1, "column": 0 },
        "end": { "line": 1, "column": 26 }
      },
      "7": {
        "start": { "line": 8, "column": 0 },
        "end": { "line": 8, "column": 64 }
      },
      "8": {
        "start": { "line": 9, "column": 0 },
        "end": { "line": 9, "column": 12 }
      },
      "9": {
        "start": { "line": 10, "column": 0 },
        "end": { "line": 10, "column": 12 }
      },
      "10": {
        "start": { "line": 11, "column": 0 },
        "end": { "line": 11, "column": 10 }
      },
      "11": {
        "start": { "line": 12, "column": 0 },
        "end": { "line": 12, "column": 23 }
      },
      "12": {
        "start": { "line": 13, "column": 0 },
        "end": { "line": 13, "column": 21 }
      },
      "13": {
        "start": { "line": 14, "column": 0 },
        "end": { "line": 14, "column": 22 }
      },
      "14": {
        "start": { "line": 15, "column": 0 },
        "end": { "line": 15, "column": 30 }
      },
      "15": {
        "start": { "line": 16, "column": 0 },
        "end": { "line": 16, "column": 19 }
      },
      "16": {
        "start": { "line": 17, "column": 0 },
        "end": { "line": 17, "column": 42 }
      },
      "18": {
        "start": { "line": 19, "column": 0 },
        "end": { "line": 19, "column": 34 }
      },
      "19": {
        "start": { "line": 20, "column": 0 },
        "end": { "line": 20, "column": 13 }
      },
      "20": {
        "start": { "line": 21, "column": 0 },
        "end": { "line": 21, "column": 28 }
      },
      "21": {
        "start": { "line": 22, "column": 0 },
        "end": { "line": 22, "column": 28 }
      },
      "22": {
        "start": { "line": 23, "column": 0 },
        "end": { "line": 23, "column": 259 }
      },
      "23": {
        "start": { "line": 24, "column": 0 },
        "end": { "line": 24, "column": 26 }
      },
      "24": {
        "start": { "line": 25, "column": 0 },
        "end": { "line": 25, "column": 27 }
      },
      "25": {
        "start": { "line": 26, "column": 0 },
        "end": { "line": 26, "column": 31 }
      },
      "26": {
        "start": { "line": 27, "column": 0 },
        "end": { "line": 27, "column": 32 }
      },
      "27": {
        "start": { "line": 28, "column": 0 },
        "end": { "line": 28, "column": 10 }
      },
      "28": {
        "start": { "line": 29, "column": 0 },
        "end": { "line": 29, "column": 13 }
      },
      "29": {
        "start": { "line": 30, "column": 0 },
        "end": { "line": 30, "column": 42 }
      },
      "30": {
        "start": { "line": 31, "column": 0 },
        "end": { "line": 31, "column": 26 }
      },
      "31": {
        "start": { "line": 32, "column": 0 },
        "end": { "line": 32, "column": 27 }
      },
      "32": {
        "start": { "line": 33, "column": 0 },
        "end": { "line": 33, "column": 31 }
      },
      "33": {
        "start": { "line": 34, "column": 0 },
        "end": { "line": 34, "column": 32 }
      },
      "34": {
        "start": { "line": 35, "column": 0 },
        "end": { "line": 35, "column": 10 }
      },
      "35": {
        "start": { "line": 36, "column": 0 },
        "end": { "line": 36, "column": 12 }
      },
      "37": {
        "start": { "line": 38, "column": 0 },
        "end": { "line": 38, "column": 3 }
      },
      "38": {
        "start": { "line": 39, "column": 0 },
        "end": { "line": 39, "column": 1 }
      }
    },
    "s": {
      "0": 1,
      "7": 1,
      "8": 1,
      "9": 21,
      "10": 21,
      "11": 21,
      "12": 21,
      "13": 21,
      "14": 21,
      "15": 21,
      "16": 21,
      "18": 21,
      "19": 21,
      "20": 21,
      "21": 21,
      "22": 21,
      "23": 21,
      "24": 21,
      "25": 21,
      "26": 21,
      "27": 21,
      "28": 21,
      "29": 21,
      "30": 21,
      "31": 21,
      "32": 21,
      "33": 21,
      "34": 21,
      "35": 21,
      "37": 21,
      "38": 1
    },
    "branchMap": {
      "0": {
        "type": "branch",
        "line": 9,
        "loc": {
          "start": { "line": 9, "column": 2 },
          "end": { "line": 38, "column": 3 }
        },
        "locations": [
          {
            "start": { "line": 9, "column": 2 },
            "end": { "line": 38, "column": 3 }
          }
        ]
      }
    },
    "b": { "0": [21] },
    "fnMap": {
      "0": {
        "name": "render",
        "decl": {
          "start": { "line": 9, "column": 2 },
          "end": { "line": 38, "column": 3 }
        },
        "loc": {
          "start": { "line": 9, "column": 2 },
          "end": { "line": 38, "column": 3 }
        },
        "line": 9
      }
    },
    "f": { "0": 21 }
  },
  "D:\\prog\\js\\class-components\\src\\components\\Main.tsx": {
    "path": "D:\\prog\\js\\class-components\\src\\components\\Main.tsx",
    "all": true,
    "statementMap": {
      "0": {
        "start": { "line": 1, "column": 0 },
        "end": { "line": 1, "column": 26 }
      },
      "1": {
        "start": { "line": 2, "column": 0 },
        "end": { "line": 2, "column": 37 }
      },
      "2": {
        "start": { "line": 3, "column": 0 },
        "end": { "line": 3, "column": 40 }
      },
      "3": {
        "start": { "line": 4, "column": 0 },
        "end": { "line": 4, "column": 8 }
      },
      "7": {
        "start": { "line": 8, "column": 0 },
        "end": { "line": 8, "column": 50 }
      },
      "14": {
        "start": { "line": 15, "column": 0 },
        "end": { "line": 15, "column": 51 }
      },
      "15": {
        "start": { "line": 16, "column": 0 },
        "end": { "line": 16, "column": 18 }
      },
      "16": {
        "start": { "line": 17, "column": 0 },
        "end": { "line": 17, "column": 50 }
      },
      "17": {
        "start": { "line": 18, "column": 0 },
        "end": { "line": 18, "column": 20 }
      },
      "18": {
        "start": { "line": 19, "column": 0 },
        "end": { "line": 19, "column": 4 }
      },
      "20": {
        "start": { "line": 21, "column": 0 },
        "end": { "line": 21, "column": 29 }
      },
      "21": {
        "start": { "line": 22, "column": 0 },
        "end": { "line": 22, "column": 48 }
      },
      "22": {
        "start": { "line": 23, "column": 0 },
        "end": { "line": 23, "column": 46 }
      },
      "23": {
        "start": { "line": 24, "column": 0 },
        "end": { "line": 24, "column": 3 }
      },
      "25": {
        "start": { "line": 26, "column": 0 },
        "end": { "line": 26, "column": 19 }
      },
      "26": {
        "start": { "line": 27, "column": 0 },
        "end": { "line": 27, "column": 19 }
      },
      "27": {
        "start": { "line": 28, "column": 0 },
        "end": { "line": 28, "column": 42 }
      },
      "28": {
        "start": { "line": 29, "column": 0 },
        "end": { "line": 29, "column": 21 }
      },
      "29": {
        "start": { "line": 30, "column": 0 },
        "end": { "line": 30, "column": 7 }
      },
      "30": {
        "start": { "line": 31, "column": 0 },
        "end": { "line": 31, "column": 3 }
      },
      "32": {
        "start": { "line": 33, "column": 0 },
        "end": { "line": 33, "column": 17 }
      },
      "33": {
        "start": { "line": 34, "column": 0 },
        "end": { "line": 34, "column": 19 }
      },
      "34": {
        "start": { "line": 35, "column": 0 },
        "end": { "line": 35, "column": 42 }
      },
      "35": {
        "start": { "line": 36, "column": 0 },
        "end": { "line": 36, "column": 22 }
      },
      "36": {
        "start": { "line": 37, "column": 0 },
        "end": { "line": 37, "column": 7 }
      },
      "37": {
        "start": { "line": 38, "column": 0 },
        "end": { "line": 38, "column": 3 }
      },
      "39": {
        "start": { "line": 40, "column": 0 },
        "end": { "line": 40, "column": 12 }
      },
      "40": {
        "start": { "line": 41, "column": 0 },
        "end": { "line": 41, "column": 12 }
      },
      "41": {
        "start": { "line": 42, "column": 0 },
        "end": { "line": 42, "column": 12 }
      },
      "42": {
        "start": { "line": 43, "column": 0 },
        "end": { "line": 43, "column": 15 }
      },
      "43": {
        "start": { "line": 44, "column": 0 },
        "end": { "line": 44, "column": 64 }
      },
      "44": {
        "start": { "line": 45, "column": 0 },
        "end": { "line": 45, "column": 52 }
      },
      "45": {
        "start": { "line": 46, "column": 0 },
        "end": { "line": 46, "column": 40 }
      },
      "46": {
        "start": { "line": 47, "column": 0 },
        "end": { "line": 47, "column": 10 }
      },
      "47": {
        "start": { "line": 48, "column": 0 },
        "end": { "line": 48, "column": 22 }
      },
      "48": {
        "start": { "line": 49, "column": 0 },
        "end": { "line": 49, "column": 20 }
      },
      "49": {
        "start": { "line": 50, "column": 0 },
        "end": { "line": 50, "column": 20 }
      },
      "50": {
        "start": { "line": 51, "column": 0 },
        "end": { "line": 51, "column": 50 }
      },
      "51": {
        "start": { "line": 52, "column": 0 },
        "end": { "line": 52, "column": 55 }
      },
      "52": {
        "start": { "line": 53, "column": 0 },
        "end": { "line": 53, "column": 44 }
      },
      "53": {
        "start": { "line": 54, "column": 0 },
        "end": { "line": 54, "column": 56 }
      },
      "54": {
        "start": { "line": 55, "column": 0 },
        "end": { "line": 55, "column": 14 }
      },
      "56": {
        "start": { "line": 57, "column": 0 },
        "end": { "line": 57, "column": 46 }
      },
      "57": {
        "start": { "line": 58, "column": 0 },
        "end": { "line": 58, "column": 10 }
      },
      "58": {
        "start": { "line": 59, "column": 0 },
        "end": { "line": 59, "column": 13 }
      },
      "60": {
        "start": { "line": 61, "column": 0 },
        "end": { "line": 61, "column": 3 }
      },
      "61": {
        "start": { "line": 62, "column": 0 },
        "end": { "line": 62, "column": 1 }
      }
    },
    "s": {
      "0": 0,
      "1": 0,
      "2": 0,
      "3": 0,
      "7": 0,
      "14": 0,
      "15": 0,
      "16": 0,
      "17": 0,
      "18": 0,
      "20": 0,
      "21": 0,
      "22": 0,
      "23": 0,
      "25": 0,
      "26": 0,
      "27": 0,
      "28": 0,
      "29": 0,
      "30": 0,
      "32": 0,
      "33": 0,
      "34": 0,
      "35": 0,
      "36": 0,
      "37": 0,
      "39": 0,
      "40": 0,
      "41": 0,
      "42": 0,
      "43": 0,
      "44": 0,
      "45": 0,
      "46": 0,
      "47": 0,
      "48": 0,
      "49": 0,
      "50": 0,
      "51": 0,
      "52": 0,
      "53": 0,
      "54": 0,
      "56": 0,
      "57": 0,
      "58": 0,
      "60": 0,
      "61": 0
    },
    "branchMap": {
      "0": {
        "type": "branch",
        "line": 1,
        "loc": {
          "start": { "line": 1, "column": 1462 },
          "end": { "line": 62, "column": 1 }
        },
        "locations": [
          {
            "start": { "line": 1, "column": 1462 },
            "end": { "line": 62, "column": 1 }
          }
        ]
      }
    },
    "b": { "0": [0] },
    "fnMap": {
      "0": {
        "name": "(empty-report)",
        "decl": {
          "start": { "line": 1, "column": 1462 },
          "end": { "line": 62, "column": 1 }
        },
        "loc": {
          "start": { "line": 1, "column": 1462 },
          "end": { "line": 62, "column": 1 }
        },
        "line": 1
      }
    },
    "f": { "0": 0 }
  },
  "D:\\prog\\js\\class-components\\src\\components\\error\\ErrorBoundary.tsx": {
    "path": "D:\\prog\\js\\class-components\\src\\components\\error\\ErrorBoundary.tsx",
    "all": false,
    "statementMap": {
      "0": {
        "start": { "line": 1, "column": 0 },
        "end": { "line": 1, "column": 66 }
      },
      "1": {
        "start": { "line": 2, "column": 0 },
        "end": { "line": 2, "column": 42 }
      },
      "12": {
        "start": { "line": 13, "column": 0 },
        "end": { "line": 13, "column": 46 }
      },
      "13": {
        "start": { "line": 14, "column": 0 },
        "end": { "line": 14, "column": 25 }
      },
      "14": {
        "start": { "line": 15, "column": 0 },
        "end": { "line": 15, "column": 20 }
      },
      "15": {
        "start": { "line": 16, "column": 0 },
        "end": { "line": 16, "column": 4 }
      },
      "17": {
        "start": { "line": 18, "column": 0 },
        "end": { "line": 18, "column": 61 }
      },
      "18": {
        "start": { "line": 19, "column": 0 },
        "end": { "line": 19, "column": 21 }
      },
      "19": {
        "start": { "line": 20, "column": 0 },
        "end": { "line": 20, "column": 30 }
      },
      "20": {
        "start": { "line": 21, "column": 0 },
        "end": { "line": 21, "column": 3 }
      },
      "22": {
        "start": { "line": 23, "column": 0 },
        "end": { "line": 23, "column": 64 }
      },
      "23": {
        "start": { "line": 24, "column": 0 },
        "end": { "line": 24, "column": 55 }
      },
      "24": {
        "start": { "line": 25, "column": 0 },
        "end": { "line": 25, "column": 3 }
      },
      "26": {
        "start": { "line": 27, "column": 0 },
        "end": { "line": 27, "column": 17 }
      },
      "27": {
        "start": { "line": 28, "column": 0 },
        "end": { "line": 28, "column": 27 }
      },
      "28": {
        "start": { "line": 29, "column": 0 },
        "end": { "line": 29, "column": 39 }
      },
      "29": {
        "start": { "line": 30, "column": 0 },
        "end": { "line": 30, "column": 3 }
      },
      "31": {
        "start": { "line": 32, "column": 0 },
        "end": { "line": 32, "column": 19 }
      },
      "32": {
        "start": { "line": 33, "column": 0 },
        "end": { "line": 33, "column": 30 }
      },
      "33": {
        "start": { "line": 34, "column": 0 },
        "end": { "line": 34, "column": 67 }
      },
      "34": {
        "start": { "line": 35, "column": 0 },
        "end": { "line": 35, "column": 5 }
      },
      "36": {
        "start": { "line": 37, "column": 0 },
        "end": { "line": 37, "column": 31 }
      },
      "37": {
        "start": { "line": 38, "column": 0 },
        "end": { "line": 38, "column": 3 }
      },
      "38": {
        "start": { "line": 39, "column": 0 },
        "end": { "line": 39, "column": 1 }
      },
      "40": {
        "start": { "line": 41, "column": 0 },
        "end": { "line": 41, "column": 29 }
      }
    },
    "s": {
      "0": 1,
      "1": 1,
      "12": 1,
      "13": 4,
      "14": 4,
      "15": 4,
      "17": 4,
      "18": 2,
      "19": 2,
      "20": 2,
      "22": 4,
      "23": 1,
      "24": 1,
      "26": 4,
      "27": 0,
      "28": 0,
      "29": 0,
      "31": 4,
      "32": 6,
      "33": 2,
      "34": 2,
      "36": 4,
      "37": 6,
      "38": 4,
      "40": 1
    },
    "branchMap": {
      "0": {
        "type": "branch",
        "line": 13,
        "loc": {
          "start": { "line": 13, "column": 45 },
          "end": { "line": 39, "column": 1 }
        },
        "locations": [
          {
            "start": { "line": 13, "column": 45 },
            "end": { "line": 39, "column": 1 }
          }
        ]
      },
      "1": {
        "type": "branch",
        "line": 18,
        "loc": {
          "start": { "line": 18, "column": 16 },
          "end": { "line": 21, "column": 3 }
        },
        "locations": [
          {
            "start": { "line": 18, "column": 16 },
            "end": { "line": 21, "column": 3 }
          }
        ]
      },
      "2": {
        "type": "branch",
        "line": 23,
        "loc": {
          "start": { "line": 23, "column": 9 },
          "end": { "line": 25, "column": 3 }
        },
        "locations": [
          {
            "start": { "line": 23, "column": 9 },
            "end": { "line": 25, "column": 3 }
          }
        ]
      },
      "3": {
        "type": "branch",
        "line": 32,
        "loc": {
          "start": { "line": 32, "column": 9 },
          "end": { "line": 38, "column": 3 }
        },
        "locations": [
          {
            "start": { "line": 32, "column": 9 },
            "end": { "line": 38, "column": 3 }
          }
        ]
      },
      "4": {
        "type": "branch",
        "line": 33,
        "loc": {
          "start": { "line": 33, "column": 29 },
          "end": { "line": 35, "column": 5 }
        },
        "locations": [
          {
            "start": { "line": 33, "column": 29 },
            "end": { "line": 35, "column": 5 }
          }
        ]
      },
      "5": {
        "type": "branch",
        "line": 35,
        "loc": {
          "start": { "line": 35, "column": 4 },
          "end": { "line": 37, "column": 31 }
        },
        "locations": [
          {
            "start": { "line": 35, "column": 4 },
            "end": { "line": 37, "column": 31 }
          }
        ]
      }
    },
    "b": { "0": [4], "1": [2], "2": [1], "3": [6], "4": [2], "5": [4] },
    "fnMap": {
      "0": {
        "name": "<instance_members_initializer>",
        "decl": {
          "start": { "line": 13, "column": 45 },
          "end": { "line": 39, "column": 1 }
        },
        "loc": {
          "start": { "line": 13, "column": 45 },
          "end": { "line": 39, "column": 1 }
        },
        "line": 13
      },
      "1": {
        "name": "getDerivedStateFromError",
        "decl": {
          "start": { "line": 18, "column": 16 },
          "end": { "line": 21, "column": 3 }
        },
        "loc": {
          "start": { "line": 18, "column": 16 },
          "end": { "line": 21, "column": 3 }
        },
        "line": 18
      },
      "2": {
        "name": "componentDidCatch",
        "decl": {
          "start": { "line": 23, "column": 9 },
          "end": { "line": 25, "column": 3 }
        },
        "loc": {
          "start": { "line": 23, "column": 9 },
          "end": { "line": 25, "column": 3 }
        },
        "line": 23
      },
      "3": {
        "name": "onClickBack",
        "decl": {
          "start": { "line": 27, "column": 2 },
          "end": { "line": 30, "column": 3 }
        },
        "loc": {
          "start": { "line": 27, "column": 2 },
          "end": { "line": 30, "column": 3 }
        },
        "line": 27
      },
      "4": {
        "name": "render",
        "decl": {
          "start": { "line": 32, "column": 9 },
          "end": { "line": 38, "column": 3 }
        },
        "loc": {
          "start": { "line": 32, "column": 9 },
          "end": { "line": 38, "column": 3 }
        },
        "line": 32
      },
      "5": {
        "name": "backClick",
        "decl": {
          "start": { "line": 34, "column": 38 },
          "end": { "line": 34, "column": 64 }
        },
        "loc": {
          "start": { "line": 34, "column": 38 },
          "end": { "line": 34, "column": 64 }
        },
        "line": 34
      }
    },
    "f": { "0": 4, "1": 2, "2": 1, "3": 0, "4": 6, "5": 0 }
  },
  "D:\\prog\\js\\class-components\\src\\components\\error\\ErrorButton.tsx": {
    "path": "D:\\prog\\js\\class-components\\src\\components\\error\\ErrorButton.tsx",
    "all": false,
    "statementMap": {
      "0": {
        "start": { "line": 1, "column": 0 },
        "end": { "line": 1, "column": 26 }
      },
      "1": {
        "start": { "line": 2, "column": 0 },
        "end": { "line": 2, "column": 41 }
      },
      "8": {
        "start": { "line": 9, "column": 0 },
        "end": { "line": 9, "column": 65 }
      },
      "9": {
        "start": { "line": 10, "column": 0 },
        "end": { "line": 10, "column": 12 }
      },
      "10": {
        "start": { "line": 11, "column": 0 },
        "end": { "line": 11, "column": 12 }
      },
      "11": {
        "start": { "line": 12, "column": 0 },
        "end": { "line": 12, "column": 13 }
      },
      "12": {
        "start": { "line": 13, "column": 0 },
        "end": { "line": 13, "column": 84 }
      },
      "13": {
        "start": { "line": 14, "column": 0 },
        "end": { "line": 14, "column": 36 }
      },
      "14": {
        "start": { "line": 15, "column": 0 },
        "end": { "line": 15, "column": 7 }
      },
      "16": {
        "start": { "line": 17, "column": 0 },
        "end": { "line": 17, "column": 15 }
      },
      "18": {
        "start": { "line": 19, "column": 0 },
        "end": { "line": 19, "column": 3 }
      },
      "19": {
        "start": { "line": 20, "column": 0 },
        "end": { "line": 20, "column": 1 }
      }
    },
    "s": {
      "0": 1,
      "1": 1,
      "8": 1,
      "9": 1,
      "10": 23,
      "11": 23,
      "12": 23,
      "13": 23,
      "14": 23,
      "16": 23,
      "18": 23,
      "19": 1
    },
    "branchMap": {
      "0": {
        "type": "branch",
        "line": 10,
        "loc": {
          "start": { "line": 10, "column": 2 },
          "end": { "line": 19, "column": 3 }
        },
        "locations": [
          {
            "start": { "line": 10, "column": 2 },
            "end": { "line": 19, "column": 3 }
          }
        ]
      },
      "1": {
        "type": "branch",
        "line": 13,
        "loc": {
          "start": { "line": 13, "column": 56 },
          "end": { "line": 13, "column": 79 }
        },
        "locations": [
          {
            "start": { "line": 13, "column": 56 },
            "end": { "line": 13, "column": 79 }
          }
        ]
      },
      "2": {
        "type": "branch",
        "line": 13,
        "loc": {
          "start": { "line": 13, "column": 67 },
          "end": { "line": 13, "column": 81 }
        },
        "locations": [
          {
            "start": { "line": 13, "column": 67 },
            "end": { "line": 13, "column": 81 }
          }
        ]
      }
    },
    "b": { "0": [23], "1": [1], "2": [22] },
    "fnMap": {
      "0": {
        "name": "render",
        "decl": {
          "start": { "line": 10, "column": 2 },
          "end": { "line": 19, "column": 3 }
        },
        "loc": {
          "start": { "line": 10, "column": 2 },
          "end": { "line": 19, "column": 3 }
        },
        "line": 10
      }
    },
    "f": { "0": 23 }
  },
  "D:\\prog\\js\\class-components\\src\\components\\error\\ErrorContent.tsx": {
    "path": "D:\\prog\\js\\class-components\\src\\components\\error\\ErrorContent.tsx",
    "all": false,
    "statementMap": {
      "0": {
        "start": { "line": 1, "column": 0 },
        "end": { "line": 1, "column": 26 }
      },
      "1": {
        "start": { "line": 2, "column": 0 },
        "end": { "line": 2, "column": 54 }
      },
      "2": {
        "start": { "line": 3, "column": 0 },
        "end": { "line": 3, "column": 53 }
      },
      "8": {
        "start": { "line": 9, "column": 0 },
        "end": { "line": 9, "column": 66 }
      },
      "9": {
        "start": { "line": 10, "column": 0 },
        "end": { "line": 10, "column": 12 }
      },
      "10": {
        "start": { "line": 11, "column": 0 },
        "end": { "line": 11, "column": 12 }
      },
      "11": {
        "start": { "line": 12, "column": 0 },
        "end": { "line": 12, "column": 44 }
      },
      "12": {
        "start": { "line": 13, "column": 0 },
        "end": { "line": 13, "column": 47 }
      },
      "13": {
        "start": { "line": 14, "column": 0 },
        "end": { "line": 14, "column": 58 }
      },
      "14": {
        "start": { "line": 15, "column": 0 },
        "end": { "line": 15, "column": 58 }
      },
      "15": {
        "start": { "line": 16, "column": 0 },
        "end": { "line": 16, "column": 58 }
      },
      "16": {
        "start": { "line": 17, "column": 0 },
        "end": { "line": 17, "column": 80 }
      },
      "17": {
        "start": { "line": 18, "column": 0 },
        "end": { "line": 18, "column": 58 }
      },
      "18": {
        "start": { "line": 19, "column": 0 },
        "end": { "line": 19, "column": 14 }
      },
      "19": {
        "start": { "line": 20, "column": 0 },
        "end": { "line": 20, "column": 75 }
      },
      "20": {
        "start": { "line": 21, "column": 0 },
        "end": { "line": 21, "column": 80 }
      },
      "22": {
        "start": { "line": 23, "column": 0 },
        "end": { "line": 23, "column": 17 }
      },
      "23": {
        "start": { "line": 24, "column": 0 },
        "end": { "line": 24, "column": 16 }
      },
      "25": {
        "start": { "line": 26, "column": 0 },
        "end": { "line": 26, "column": 3 }
      },
      "26": {
        "start": { "line": 27, "column": 0 },
        "end": { "line": 27, "column": 1 }
      }
    },
    "s": {
      "0": 1,
      "1": 1,
      "2": 1,
      "8": 1,
      "9": 1,
      "10": 3,
      "11": 3,
      "12": 3,
      "13": 3,
      "14": 3,
      "15": 3,
      "16": 3,
      "17": 3,
      "18": 3,
      "19": 3,
      "20": 3,
      "22": 3,
      "23": 3,
      "25": 3,
      "26": 1
    },
    "branchMap": {
      "0": {
        "type": "branch",
        "line": 10,
        "loc": {
          "start": { "line": 10, "column": 2 },
          "end": { "line": 26, "column": 3 }
        },
        "locations": [
          {
            "start": { "line": 10, "column": 2 },
            "end": { "line": 26, "column": 3 }
          }
        ]
      }
    },
    "b": { "0": [3] },
    "fnMap": {
      "0": {
        "name": "render",
        "decl": {
          "start": { "line": 10, "column": 2 },
          "end": { "line": 26, "column": 3 }
        },
        "loc": {
          "start": { "line": 10, "column": 2 },
          "end": { "line": 26, "column": 3 }
        },
        "line": 10
      }
    },
    "f": { "0": 3 }
  },
  "D:\\prog\\js\\class-components\\src\\components\\footer\\Footer.tsx": {
    "path": "D:\\prog\\js\\class-components\\src\\components\\footer\\Footer.tsx",
    "all": false,
    "statementMap": {
      "0": {
        "start": { "line": 1, "column": 0 },
        "end": { "line": 1, "column": 26 }
      },
      "1": {
        "start": { "line": 2, "column": 0 },
        "end": { "line": 2, "column": 54 }
      },
      "2": {
        "start": { "line": 3, "column": 0 },
        "end": { "line": 3, "column": 58 }
      },
      "3": {
        "start": { "line": 4, "column": 0 },
        "end": { "line": 4, "column": 42 }
      },
      "5": {
        "start": { "line": 6, "column": 0 },
        "end": { "line": 6, "column": 27 }
      },
      "6": {
        "start": { "line": 7, "column": 0 },
        "end": { "line": 7, "column": 38 }
      },
      "7": {
        "start": { "line": 8, "column": 0 },
        "end": { "line": 8, "column": 20 }
      },
      "8": {
        "start": { "line": 9, "column": 0 },
        "end": { "line": 9, "column": 15 }
      },
      "9": {
        "start": { "line": 10, "column": 0 },
        "end": { "line": 10, "column": 24 }
      },
      "10": {
        "start": { "line": 11, "column": 0 },
        "end": { "line": 11, "column": 2 }
      },
      "12": {
        "start": { "line": 13, "column": 0 },
        "end": { "line": 13, "column": 56 }
      },
      "14": {
        "start": { "line": 15, "column": 0 },
        "end": { "line": 15, "column": 53 }
      },
      "15": {
        "start": { "line": 16, "column": 0 },
        "end": { "line": 16, "column": 12 }
      },
      "16": {
        "start": { "line": 17, "column": 0 },
        "end": { "line": 17, "column": 12 }
      },
      "17": {
        "start": { "line": 18, "column": 0 },
        "end": { "line": 18, "column": 40 }
      },
      "18": {
        "start": { "line": 19, "column": 0 },
        "end": { "line": 19, "column": 34 }
      },
      "19": {
        "start": { "line": 20, "column": 0 },
        "end": { "line": 20, "column": 57 }
      },
      "20": {
        "start": { "line": 21, "column": 0 },
        "end": { "line": 21, "column": 12 }
      },
      "21": {
        "start": { "line": 22, "column": 0 },
        "end": { "line": 22, "column": 65 }
      },
      "22": {
        "start": { "line": 23, "column": 0 },
        "end": { "line": 23, "column": 27 }
      },
      "23": {
        "start": { "line": 24, "column": 0 },
        "end": { "line": 24, "column": 12 }
      },
      "24": {
        "start": { "line": 25, "column": 0 },
        "end": { "line": 25, "column": 42 }
      },
      "25": {
        "start": { "line": 26, "column": 0 },
        "end": { "line": 26, "column": 52 }
      },
      "26": {
        "start": { "line": 27, "column": 0 },
        "end": { "line": 27, "column": 12 }
      },
      "27": {
        "start": { "line": 28, "column": 0 },
        "end": { "line": 28, "column": 61 }
      },
      "28": {
        "start": { "line": 29, "column": 0 },
        "end": { "line": 29, "column": 61 }
      },
      "29": {
        "start": { "line": 30, "column": 0 },
        "end": { "line": 30, "column": 12 }
      },
      "30": {
        "start": { "line": 31, "column": 0 },
        "end": { "line": 31, "column": 15 }
      },
      "32": {
        "start": { "line": 33, "column": 0 },
        "end": { "line": 33, "column": 3 }
      },
      "33": {
        "start": { "line": 34, "column": 0 },
        "end": { "line": 34, "column": 1 }
      }
    },
    "s": {
      "0": 1,
      "1": 1,
      "2": 1,
      "3": 1,
      "5": 1,
      "6": 1,
      "7": 1,
      "8": 1,
      "9": 1,
      "10": 1,
      "12": 1,
      "14": 1,
      "15": 1,
      "16": 1,
      "17": 1,
      "18": 1,
      "19": 1,
      "20": 1,
      "21": 1,
      "22": 1,
      "23": 1,
      "24": 1,
      "25": 1,
      "26": 1,
      "27": 1,
      "28": 1,
      "29": 1,
      "30": 1,
      "32": 1,
      "33": 1
    },
    "branchMap": {
      "0": {
        "type": "branch",
        "line": 16,
        "loc": {
          "start": { "line": 16, "column": 2 },
          "end": { "line": 33, "column": 3 }
        },
        "locations": [
          {
            "start": { "line": 16, "column": 2 },
            "end": { "line": 33, "column": 3 }
          }
        ]
      }
    },
    "b": { "0": [1] },
    "fnMap": {
      "0": {
        "name": "render",
        "decl": {
          "start": { "line": 16, "column": 2 },
          "end": { "line": 33, "column": 3 }
        },
        "loc": {
          "start": { "line": 16, "column": 2 },
          "end": { "line": 33, "column": 3 }
        },
        "line": 16
      }
    },
    "f": { "0": 1 }
  },
  "D:\\prog\\js\\class-components\\src\\components\\header\\Header.tsx": {
    "path": "D:\\prog\\js\\class-components\\src\\components\\header\\Header.tsx",
    "all": false,
    "statementMap": {
      "0": {
        "start": { "line": 1, "column": 0 },
        "end": { "line": 1, "column": 26 }
      },
      "1": {
        "start": { "line": 2, "column": 0 },
        "end": { "line": 2, "column": 42 }
      },
      "2": {
        "start": { "line": 3, "column": 0 },
        "end": { "line": 3, "column": 47 }
      },
      "4": {
        "start": { "line": 5, "column": 0 },
        "end": { "line": 5, "column": 53 }
      },
      "5": {
        "start": { "line": 6, "column": 0 },
        "end": { "line": 6, "column": 12 }
      },
      "6": {
        "start": { "line": 7, "column": 0 },
        "end": { "line": 7, "column": 12 }
      },
      "7": {
        "start": { "line": 8, "column": 0 },
        "end": { "line": 8, "column": 40 }
      },
      "8": {
        "start": { "line": 9, "column": 0 },
        "end": { "line": 9, "column": 51 }
      },
      "9": {
        "start": { "line": 10, "column": 0 },
        "end": { "line": 10, "column": 15 }
      },
      "11": {
        "start": { "line": 12, "column": 0 },
        "end": { "line": 12, "column": 3 }
      },
      "12": {
        "start": { "line": 13, "column": 0 },
        "end": { "line": 13, "column": 1 }
      }
    },
    "s": {
      "0": 1,
      "1": 1,
      "2": 1,
      "4": 1,
      "5": 1,
      "6": 1,
      "7": 1,
      "8": 1,
      "9": 1,
      "11": 1,
      "12": 1
    },
    "branchMap": {
      "0": {
        "type": "branch",
        "line": 6,
        "loc": {
          "start": { "line": 6, "column": 2 },
          "end": { "line": 12, "column": 3 }
        },
        "locations": [
          {
            "start": { "line": 6, "column": 2 },
            "end": { "line": 12, "column": 3 }
          }
        ]
      }
    },
    "b": { "0": [1] },
    "fnMap": {
      "0": {
        "name": "render",
        "decl": {
          "start": { "line": 6, "column": 2 },
          "end": { "line": 12, "column": 3 }
        },
        "loc": {
          "start": { "line": 6, "column": 2 },
          "end": { "line": 12, "column": 3 }
        },
        "line": 6
      }
    },
    "f": { "0": 1 }
  },
  "D:\\prog\\js\\class-components\\src\\components\\loading\\Loading.tsx": {
    "path": "D:\\prog\\js\\class-components\\src\\components\\loading\\Loading.tsx",
    "all": false,
    "statementMap": {
      "0": {
        "start": { "line": 1, "column": 0 },
        "end": { "line": 1, "column": 26 }
      },
      "1": {
        "start": { "line": 2, "column": 0 },
        "end": { "line": 2, "column": 53 }
      },
      "2": {
        "start": { "line": 3, "column": 0 },
        "end": { "line": 3, "column": 43 }
      },
      "4": {
        "start": { "line": 5, "column": 0 },
        "end": { "line": 5, "column": 54 }
      },
      "5": {
        "start": { "line": 6, "column": 0 },
        "end": { "line": 6, "column": 12 }
      },
      "6": {
        "start": { "line": 7, "column": 0 },
        "end": { "line": 7, "column": 12 }
      },
      "7": {
        "start": { "line": 8, "column": 0 },
        "end": { "line": 8, "column": 38 }
      },
      "8": {
        "start": { "line": 9, "column": 0 },
        "end": { "line": 9, "column": 78 }
      },
      "9": {
        "start": { "line": 10, "column": 0 },
        "end": { "line": 10, "column": 12 }
      },
      "11": {
        "start": { "line": 12, "column": 0 },
        "end": { "line": 12, "column": 3 }
      },
      "12": {
        "start": { "line": 13, "column": 0 },
        "end": { "line": 13, "column": 1 }
      }
    },
    "s": {
      "0": 1,
      "1": 1,
      "2": 1,
      "4": 1,
      "5": 1,
      "6": 15,
      "7": 15,
      "8": 15,
      "9": 15,
      "11": 15,
      "12": 1
    },
    "branchMap": {
      "0": {
        "type": "branch",
        "line": 6,
        "loc": {
          "start": { "line": 6, "column": 2 },
          "end": { "line": 12, "column": 3 }
        },
        "locations": [
          {
            "start": { "line": 6, "column": 2 },
            "end": { "line": 12, "column": 3 }
          }
        ]
      }
    },
    "b": { "0": [15] },
    "fnMap": {
      "0": {
        "name": "render",
        "decl": {
          "start": { "line": 6, "column": 2 },
          "end": { "line": 12, "column": 3 }
        },
        "loc": {
          "start": { "line": 6, "column": 2 },
          "end": { "line": 12, "column": 3 }
        },
        "line": 6
      }
    },
    "f": { "0": 15 }
  },
  "D:\\prog\\js\\class-components\\src\\components\\notFound\\NotFound.tsx": {
    "path": "D:\\prog\\js\\class-components\\src\\components\\notFound\\NotFound.tsx",
    "all": false,
    "statementMap": {
      "0": {
        "start": { "line": 1, "column": 0 },
        "end": { "line": 1, "column": 26 }
      },
      "1": {
        "start": { "line": 2, "column": 0 },
        "end": { "line": 2, "column": 53 }
      },
      "2": {
        "start": { "line": 3, "column": 0 },
        "end": { "line": 3, "column": 44 }
      },
      "8": {
        "start": { "line": 9, "column": 0 },
        "end": { "line": 9, "column": 53 }
      },
      "10": {
        "start": { "line": 11, "column": 0 },
        "end": { "line": 11, "column": 62 }
      },
      "11": {
        "start": { "line": 12, "column": 0 },
        "end": { "line": 12, "column": 12 }
      },
      "12": {
        "start": { "line": 13, "column": 0 },
        "end": { "line": 13, "column": 12 }
      },
      "13": {
        "start": { "line": 14, "column": 0 },
        "end": { "line": 14, "column": 44 }
      },
      "14": {
        "start": { "line": 15, "column": 0 },
        "end": { "line": 15, "column": 47 }
      },
      "15": {
        "start": { "line": 16, "column": 0 },
        "end": { "line": 16, "column": 58 }
      },
      "16": {
        "start": { "line": 17, "column": 0 },
        "end": { "line": 17, "column": 80 }
      },
      "17": {
        "start": { "line": 18, "column": 0 },
        "end": { "line": 18, "column": 58 }
      },
      "18": {
        "start": { "line": 19, "column": 0 },
        "end": { "line": 19, "column": 14 }
      },
      "19": {
        "start": { "line": 20, "column": 0 },
        "end": { "line": 20, "column": 68 }
      },
      "20": {
        "start": { "line": 21, "column": 0 },
        "end": { "line": 21, "column": 80 }
      },
      "22": {
        "start": { "line": 23, "column": 0 },
        "end": { "line": 23, "column": 17 }
      },
      "23": {
        "start": { "line": 24, "column": 0 },
        "end": { "line": 24, "column": 16 }
      },
      "25": {
        "start": { "line": 26, "column": 0 },
        "end": { "line": 26, "column": 3 }
      },
      "26": {
        "start": { "line": 27, "column": 0 },
        "end": { "line": 27, "column": 1 }
      }
    },
    "s": {
      "0": 1,
      "1": 1,
      "2": 1,
      "8": 1,
      "10": 1,
      "11": 1,
      "12": 1,
      "13": 1,
      "14": 1,
      "15": 1,
      "16": 1,
      "17": 1,
      "18": 1,
      "19": 1,
      "20": 1,
      "22": 1,
      "23": 1,
      "25": 1,
      "26": 1
    },
    "branchMap": {
      "0": {
        "type": "branch",
        "line": 12,
        "loc": {
          "start": { "line": 12, "column": 2 },
          "end": { "line": 26, "column": 3 }
        },
        "locations": [
          {
            "start": { "line": 12, "column": 2 },
            "end": { "line": 26, "column": 3 }
          }
        ]
      }
    },
    "b": { "0": [1] },
    "fnMap": {
      "0": {
        "name": "render",
        "decl": {
          "start": { "line": 12, "column": 2 },
          "end": { "line": 26, "column": 3 }
        },
        "loc": {
          "start": { "line": 12, "column": 2 },
          "end": { "line": 26, "column": 3 }
        },
        "line": 12
      }
    },
    "f": { "0": 1 }
  },
  "D:\\prog\\js\\class-components\\src\\components\\pagination\\Pagination.tsx": {
    "path": "D:\\prog\\js\\class-components\\src\\components\\pagination\\Pagination.tsx",
    "all": false,
    "statementMap": {
      "0": {
        "start": { "line": 1, "column": 0 },
        "end": { "line": 1, "column": 26 }
      },
      "1": {
        "start": { "line": 2, "column": 0 },
        "end": { "line": 2, "column": 46 }
      },
      "10": {
        "start": { "line": 11, "column": 0 },
        "end": { "line": 11, "column": 64 }
      },
      "11": {
        "start": { "line": 12, "column": 0 },
        "end": { "line": 12, "column": 12 }
      },
      "12": {
        "start": { "line": 13, "column": 0 },
        "end": { "line": 13, "column": 12 }
      },
      "13": {
        "start": { "line": 14, "column": 0 },
        "end": { "line": 14, "column": 45 }
      },
      "14": {
        "start": { "line": 15, "column": 0 },
        "end": { "line": 15, "column": 12 }
      },
      "15": {
        "start": { "line": 16, "column": 0 },
        "end": { "line": 16, "column": 92 }
      },
      "16": {
        "start": { "line": 17, "column": 0 },
        "end": { "line": 17, "column": 40 }
      },
      "18": {
        "start": { "line": 19, "column": 0 },
        "end": { "line": 19, "column": 56 }
      },
      "19": {
        "start": { "line": 20, "column": 0 },
        "end": { "line": 20, "column": 14 }
      },
      "20": {
        "start": { "line": 21, "column": 0 },
        "end": { "line": 21, "column": 50 }
      },
      "21": {
        "start": { "line": 22, "column": 0 },
        "end": { "line": 22, "column": 72 }
      },
      "22": {
        "start": { "line": 23, "column": 0 },
        "end": { "line": 23, "column": 14 }
      },
      "23": {
        "start": { "line": 24, "column": 0 },
        "end": { "line": 24, "column": 12 }
      },
      "24": {
        "start": { "line": 25, "column": 0 },
        "end": { "line": 25, "column": 92 }
      },
      "25": {
        "start": { "line": 26, "column": 0 },
        "end": { "line": 26, "column": 40 }
      },
      "27": {
        "start": { "line": 28, "column": 0 },
        "end": { "line": 28, "column": 56 }
      },
      "28": {
        "start": { "line": 29, "column": 0 },
        "end": { "line": 29, "column": 14 }
      },
      "29": {
        "start": { "line": 30, "column": 0 },
        "end": { "line": 30, "column": 16 }
      },
      "31": {
        "start": { "line": 32, "column": 0 },
        "end": { "line": 32, "column": 3 }
      },
      "32": {
        "start": { "line": 33, "column": 0 },
        "end": { "line": 33, "column": 1 }
      }
    },
    "s": {
      "0": 1,
      "1": 1,
      "10": 1,
      "11": 1,
      "12": 13,
      "13": 13,
      "14": 13,
      "15": 13,
      "16": 13,
      "18": 13,
      "19": 13,
      "20": 13,
      "21": 13,
      "22": 13,
      "23": 13,
      "24": 13,
      "25": 13,
      "27": 13,
      "28": 13,
      "29": 13,
      "31": 13,
      "32": 1
    },
    "branchMap": {
      "0": {
        "type": "branch",
        "line": 12,
        "loc": {
          "start": { "line": 12, "column": 2 },
          "end": { "line": 32, "column": 3 }
        },
        "locations": [
          {
            "start": { "line": 12, "column": 2 },
            "end": { "line": 32, "column": 3 }
          }
        ]
      },
      "1": {
        "type": "branch",
        "line": 16,
        "loc": {
          "start": { "line": 16, "column": 71 },
          "end": { "line": 16, "column": 80 }
        },
        "locations": [
          {
            "start": { "line": 16, "column": 71 },
            "end": { "line": 16, "column": 80 }
          }
        ]
      },
      "2": {
        "type": "branch",
        "line": 16,
        "loc": {
          "start": { "line": 16, "column": 75 },
          "end": { "line": 16, "column": 89 }
        },
        "locations": [
          {
            "start": { "line": 16, "column": 75 },
            "end": { "line": 16, "column": 89 }
          }
        ]
      },
      "3": {
        "type": "branch",
        "line": 25,
        "loc": {
          "start": { "line": 25, "column": 61 },
          "end": { "line": 25, "column": 80 }
        },
        "locations": [
          {
            "start": { "line": 25, "column": 61 },
            "end": { "line": 25, "column": 80 }
          }
        ]
      },
      "4": {
        "type": "branch",
        "line": 25,
        "loc": {
          "start": { "line": 25, "column": 75 },
          "end": { "line": 25, "column": 89 }
        },
        "locations": [
          {
            "start": { "line": 25, "column": 75 },
            "end": { "line": 25, "column": 89 }
          }
        ]
      }
    },
    "b": { "0": [13], "1": [2], "2": [11], "3": [8], "4": [5] },
    "fnMap": {
      "0": {
        "name": "render",
        "decl": {
          "start": { "line": 12, "column": 2 },
          "end": { "line": 32, "column": 3 }
        },
        "loc": {
          "start": { "line": 12, "column": 2 },
          "end": { "line": 32, "column": 3 }
        },
        "line": 12
      }
    },
    "f": { "0": 13 }
  },
  "D:\\prog\\js\\class-components\\src\\components\\results\\PokemonCard.tsx": {
    "path": "D:\\prog\\js\\class-components\\src\\components\\results\\PokemonCard.tsx",
    "all": false,
    "statementMap": {
      "0": {
        "start": { "line": 1, "column": 0 },
        "end": { "line": 1, "column": 26 }
      },
      "1": {
        "start": { "line": 2, "column": 0 },
        "end": { "line": 2, "column": 43 }
      },
      "3": {
        "start": { "line": 4, "column": 0 },
        "end": { "line": 4, "column": 70 }
      },
      "4": {
        "start": { "line": 5, "column": 0 },
        "end": { "line": 5, "column": 56 }
      },
      "14": {
        "start": { "line": 15, "column": 0 },
        "end": { "line": 15, "column": 65 }
      },
      "15": {
        "start": { "line": 16, "column": 0 },
        "end": { "line": 16, "column": 25 }
      },
      "16": {
        "start": { "line": 17, "column": 0 },
        "end": { "line": 17, "column": 14 }
      },
      "17": {
        "start": { "line": 18, "column": 0 },
        "end": { "line": 18, "column": 4 }
      },
      "19": {
        "start": { "line": 20, "column": 0 },
        "end": { "line": 20, "column": 29 }
      },
      "20": {
        "start": { "line": 21, "column": 0 },
        "end": { "line": 21, "column": 47 }
      },
      "21": {
        "start": { "line": 22, "column": 0 },
        "end": { "line": 22, "column": 3 }
      },
      "23": {
        "start": { "line": 24, "column": 0 },
        "end": { "line": 24, "column": 12 }
      },
      "24": {
        "start": { "line": 25, "column": 0 },
        "end": { "line": 25, "column": 12 }
      },
      "25": {
        "start": { "line": 26, "column": 0 },
        "end": { "line": 26, "column": 10 }
      },
      "26": {
        "start": { "line": 27, "column": 0 },
        "end": { "line": 27, "column": 34 }
      },
      "27": {
        "start": { "line": 28, "column": 0 },
        "end": { "line": 28, "column": 53 }
      },
      "29": {
        "start": { "line": 30, "column": 0 },
        "end": { "line": 30, "column": 45 }
      },
      "30": {
        "start": { "line": 31, "column": 0 },
        "end": { "line": 31, "column": 58 }
      },
      "31": {
        "start": { "line": 32, "column": 0 },
        "end": { "line": 32, "column": 13 }
      },
      "32": {
        "start": { "line": 33, "column": 0 },
        "end": { "line": 33, "column": 12 }
      },
      "33": {
        "start": { "line": 34, "column": 0 },
        "end": { "line": 34, "column": 40 }
      },
      "34": {
        "start": { "line": 35, "column": 0 },
        "end": { "line": 35, "column": 38 }
      },
      "35": {
        "start": { "line": 36, "column": 0 },
        "end": { "line": 36, "column": 27 }
      },
      "36": {
        "start": { "line": 37, "column": 0 },
        "end": { "line": 37, "column": 10 }
      },
      "37": {
        "start": { "line": 38, "column": 0 },
        "end": { "line": 38, "column": 45 }
      },
      "38": {
        "start": { "line": 39, "column": 0 },
        "end": { "line": 39, "column": 15 }
      },
      "39": {
        "start": { "line": 40, "column": 0 },
        "end": { "line": 40, "column": 68 }
      },
      "40": {
        "start": { "line": 41, "column": 0 },
        "end": { "line": 41, "column": 17 }
      },
      "41": {
        "start": { "line": 42, "column": 0 },
        "end": { "line": 42, "column": 45 }
      },
      "42": {
        "start": { "line": 43, "column": 0 },
        "end": { "line": 43, "column": 68 }
      },
      "43": {
        "start": { "line": 44, "column": 0 },
        "end": { "line": 44, "column": 16 }
      },
      "44": {
        "start": { "line": 45, "column": 0 },
        "end": { "line": 45, "column": 15 }
      },
      "45": {
        "start": { "line": 46, "column": 0 },
        "end": { "line": 46, "column": 65 }
      },
      "46": {
        "start": { "line": 47, "column": 0 },
        "end": { "line": 47, "column": 17 }
      },
      "47": {
        "start": { "line": 48, "column": 0 },
        "end": { "line": 48, "column": 45 }
      },
      "48": {
        "start": { "line": 49, "column": 0 },
        "end": { "line": 49, "column": 64 }
      },
      "49": {
        "start": { "line": 50, "column": 0 },
        "end": { "line": 50, "column": 16 }
      },
      "50": {
        "start": { "line": 51, "column": 0 },
        "end": { "line": 51, "column": 14 }
      },
      "51": {
        "start": { "line": 52, "column": 0 },
        "end": { "line": 52, "column": 12 }
      },
      "53": {
        "start": { "line": 54, "column": 0 },
        "end": { "line": 54, "column": 3 }
      },
      "54": {
        "start": { "line": 55, "column": 0 },
        "end": { "line": 55, "column": 1 }
      }
    },
    "s": {
      "0": 1,
      "1": 1,
      "3": 1,
      "4": 1,
      "14": 1,
      "15": 19,
      "16": 19,
      "17": 19,
      "19": 19,
      "20": 19,
      "21": 19,
      "23": 19,
      "24": 38,
      "25": 38,
      "26": 38,
      "27": 38,
      "29": 38,
      "30": 38,
      "31": 38,
      "32": 38,
      "33": 38,
      "34": 38,
      "35": 38,
      "36": 38,
      "37": 38,
      "38": 38,
      "39": 38,
      "40": 38,
      "41": 38,
      "42": 38,
      "43": 38,
      "44": 38,
      "45": 38,
      "46": 38,
      "47": 38,
      "48": 38,
      "49": 38,
      "50": 38,
      "51": 38,
      "53": 38,
      "54": 19
    },
    "branchMap": {
      "0": {
        "type": "branch",
        "line": 15,
        "loc": {
          "start": { "line": 15, "column": 64 },
          "end": { "line": 55, "column": 1 }
        },
        "locations": [
          {
            "start": { "line": 15, "column": 64 },
            "end": { "line": 55, "column": 1 }
          }
        ]
      },
      "1": {
        "type": "branch",
        "line": 20,
        "loc": {
          "start": { "line": 20, "column": 2 },
          "end": { "line": 22, "column": 3 }
        },
        "locations": [
          {
            "start": { "line": 20, "column": 2 },
            "end": { "line": 22, "column": 3 }
          }
        ]
      },
      "2": {
        "type": "branch",
        "line": 24,
        "loc": {
          "start": { "line": 24, "column": 2 },
          "end": { "line": 54, "column": 3 }
        },
        "locations": [
          {
            "start": { "line": 24, "column": 2 },
            "end": { "line": 54, "column": 3 }
          }
        ]
      }
    },
    "b": { "0": [19], "1": [19], "2": [38] },
    "fnMap": {
      "0": {
        "name": "<instance_members_initializer>",
        "decl": {
          "start": { "line": 15, "column": 64 },
          "end": { "line": 55, "column": 1 }
        },
        "loc": {
          "start": { "line": 15, "column": 64 },
          "end": { "line": 55, "column": 1 }
        },
        "line": 15
      },
      "1": {
        "name": "componentDidMount",
        "decl": {
          "start": { "line": 20, "column": 2 },
          "end": { "line": 22, "column": 3 }
        },
        "loc": {
          "start": { "line": 20, "column": 2 },
          "end": { "line": 22, "column": 3 }
        },
        "line": 20
      },
      "2": {
        "name": "render",
        "decl": {
          "start": { "line": 24, "column": 2 },
          "end": { "line": 54, "column": 3 }
        },
        "loc": {
          "start": { "line": 24, "column": 2 },
          "end": { "line": 54, "column": 3 }
        },
        "line": 24
      }
    },
    "f": { "0": 19, "1": 19, "2": 38 }
  },
  "D:\\prog\\js\\class-components\\src\\components\\results\\Results.tsx": {
    "path": "D:\\prog\\js\\class-components\\src\\components\\results\\Results.tsx",
    "all": false,
    "statementMap": {
      "0": {
        "start": { "line": 1, "column": 0 },
        "end": { "line": 1, "column": 26 }
      },
      "1": {
        "start": { "line": 2, "column": 0 },
        "end": { "line": 2, "column": 43 }
      },
      "2": {
        "start": { "line": 3, "column": 0 },
        "end": { "line": 3, "column": 8 }
      },
      "14": {
        "start": { "line": 15, "column": 0 },
        "end": { "line": 15, "column": 40 }
      },
      "15": {
        "start": { "line": 16, "column": 0 },
        "end": { "line": 16, "column": 50 }
      },
      "16": {
        "start": { "line": 17, "column": 0 },
        "end": { "line": 17, "column": 44 }
      },
      "17": {
        "start": { "line": 18, "column": 0 },
        "end": { "line": 18, "column": 68 }
      },
      "18": {
        "start": { "line": 19, "column": 0 },
        "end": { "line": 19, "column": 81 }
      },
      "19": {
        "start": { "line": 20, "column": 0 },
        "end": { "line": 20, "column": 41 }
      },
      "35": {
        "start": { "line": 36, "column": 0 },
        "end": { "line": 36, "column": 32 }
      },
      "37": {
        "start": { "line": 38, "column": 0 },
        "end": { "line": 38, "column": 51 }
      },
      "38": {
        "start": { "line": 39, "column": 0 },
        "end": { "line": 39, "column": 10 }
      },
      "39": {
        "start": { "line": 40, "column": 0 },
        "end": { "line": 40, "column": 16 }
      },
      "40": {
        "start": { "line": 41, "column": 0 },
        "end": { "line": 41, "column": 31 }
      },
      "41": {
        "start": { "line": 42, "column": 0 },
        "end": { "line": 42, "column": 69 }
      },
      "42": {
        "start": { "line": 43, "column": 0 },
        "end": { "line": 43, "column": 8 }
      },
      "43": {
        "start": { "line": 44, "column": 0 },
        "end": { "line": 44, "column": 6 }
      },
      "44": {
        "start": { "line": 45, "column": 0 },
        "end": { "line": 45, "column": 23 }
      },
      "45": {
        "start": { "line": 46, "column": 0 },
        "end": { "line": 46, "column": 39 }
      },
      "46": {
        "start": { "line": 47, "column": 0 },
        "end": { "line": 47, "column": 12 }
      },
      "47": {
        "start": { "line": 48, "column": 0 },
        "end": { "line": 48, "column": 27 }
      },
      "48": {
        "start": { "line": 49, "column": 0 },
        "end": { "line": 49, "column": 63 }
      },
      "49": {
        "start": { "line": 50, "column": 0 },
        "end": { "line": 50, "column": 8 }
      },
      "50": {
        "start": { "line": 51, "column": 0 },
        "end": { "line": 51, "column": 6 }
      },
      "51": {
        "start": { "line": 52, "column": 0 },
        "end": { "line": 52, "column": 4 }
      },
      "52": {
        "start": { "line": 53, "column": 0 },
        "end": { "line": 53, "column": 1 }
      },
      "54": {
        "start": { "line": 55, "column": 0 },
        "end": { "line": 55, "column": 48 }
      },
      "55": {
        "start": { "line": 56, "column": 0 },
        "end": { "line": 56, "column": 58 }
      },
      "56": {
        "start": { "line": 57, "column": 0 },
        "end": { "line": 57, "column": 27 }
      },
      "57": {
        "start": { "line": 58, "column": 0 },
        "end": { "line": 58, "column": 58 }
      },
      "58": {
        "start": { "line": 59, "column": 0 },
        "end": { "line": 59, "column": 4 }
      },
      "59": {
        "start": { "line": 60, "column": 0 },
        "end": { "line": 60, "column": 27 }
      },
      "60": {
        "start": { "line": 61, "column": 0 },
        "end": { "line": 61, "column": 64 }
      },
      "61": {
        "start": { "line": 62, "column": 0 },
        "end": { "line": 62, "column": 63 }
      },
      "62": {
        "start": { "line": 63, "column": 0 },
        "end": { "line": 63, "column": 37 }
      },
      "63": {
        "start": { "line": 64, "column": 0 },
        "end": { "line": 64, "column": 6 }
      },
      "64": {
        "start": { "line": 65, "column": 0 },
        "end": { "line": 65, "column": 4 }
      },
      "65": {
        "start": { "line": 66, "column": 0 },
        "end": { "line": 66, "column": 1 }
      },
      "67": {
        "start": { "line": 68, "column": 0 },
        "end": { "line": 68, "column": 56 }
      },
      "68": {
        "start": { "line": 69, "column": 0 },
        "end": { "line": 69, "column": 65 }
      },
      "69": {
        "start": { "line": 70, "column": 0 },
        "end": { "line": 70, "column": 27 }
      },
      "70": {
        "start": { "line": 71, "column": 0 },
        "end": { "line": 71, "column": 8 }
      },
      "71": {
        "start": { "line": 72, "column": 0 },
        "end": { "line": 72, "column": 4 }
      },
      "72": {
        "start": { "line": 73, "column": 0 },
        "end": { "line": 73, "column": 41 }
      },
      "73": {
        "start": { "line": 74, "column": 0 },
        "end": { "line": 74, "column": 1 }
      },
      "75": {
        "start": { "line": 76, "column": 0 },
        "end": { "line": 76, "column": 68 }
      },
      "76": {
        "start": { "line": 77, "column": 0 },
        "end": { "line": 77, "column": 40 }
      },
      "77": {
        "start": { "line": 78, "column": 0 },
        "end": { "line": 78, "column": 73 }
      },
      "78": {
        "start": { "line": 79, "column": 0 },
        "end": { "line": 79, "column": 68 }
      },
      "79": {
        "start": { "line": 80, "column": 0 },
        "end": { "line": 80, "column": 15 }
      },
      "80": {
        "start": { "line": 81, "column": 0 },
        "end": { "line": 81, "column": 29 }
      },
      "81": {
        "start": { "line": 82, "column": 0 },
        "end": { "line": 82, "column": 76 }
      },
      "82": {
        "start": { "line": 83, "column": 0 },
        "end": { "line": 83, "column": 70 }
      },
      "83": {
        "start": { "line": 84, "column": 0 },
        "end": { "line": 84, "column": 39 }
      },
      "84": {
        "start": { "line": 85, "column": 0 },
        "end": { "line": 85, "column": 8 }
      },
      "85": {
        "start": { "line": 86, "column": 0 },
        "end": { "line": 86, "column": 6 }
      },
      "86": {
        "start": { "line": 87, "column": 0 },
        "end": { "line": 87, "column": 3 }
      },
      "87": {
        "start": { "line": 88, "column": 0 },
        "end": { "line": 88, "column": 1 }
      },
      "89": {
        "start": { "line": 90, "column": 0 },
        "end": { "line": 90, "column": 61 }
      },
      "90": {
        "start": { "line": 91, "column": 0 },
        "end": { "line": 91, "column": 25 }
      },
      "91": {
        "start": { "line": 92, "column": 0 },
        "end": { "line": 92, "column": 14 }
      },
      "92": {
        "start": { "line": 93, "column": 0 },
        "end": { "line": 93, "column": 12 }
      },
      "93": {
        "start": { "line": 94, "column": 0 },
        "end": { "line": 94, "column": 24 }
      },
      "94": {
        "start": { "line": 95, "column": 0 },
        "end": { "line": 95, "column": 20 }
      },
      "95": {
        "start": { "line": 96, "column": 0 },
        "end": { "line": 96, "column": 4 }
      },
      "97": {
        "start": { "line": 98, "column": 0 },
        "end": { "line": 98, "column": 20 }
      },
      "98": {
        "start": { "line": 99, "column": 0 },
        "end": { "line": 99, "column": 19 }
      },
      "99": {
        "start": { "line": 100, "column": 0 },
        "end": { "line": 100, "column": 16 }
      },
      "100": {
        "start": { "line": 101, "column": 0 },
        "end": { "line": 101, "column": 28 }
      },
      "101": {
        "start": { "line": 102, "column": 0 },
        "end": { "line": 102, "column": 44 }
      },
      "102": {
        "start": { "line": 103, "column": 0 },
        "end": { "line": 103, "column": 22 }
      },
      "103": {
        "start": { "line": 104, "column": 0 },
        "end": { "line": 104, "column": 7 }
      },
      "104": {
        "start": { "line": 105, "column": 0 },
        "end": { "line": 105, "column": 3 }
      },
      "106": {
        "start": { "line": 107, "column": 0 },
        "end": { "line": 107, "column": 29 }
      },
      "107": {
        "start": { "line": 108, "column": 0 },
        "end": { "line": 108, "column": 9 }
      },
      "108": {
        "start": { "line": 109, "column": 0 },
        "end": { "line": 109, "column": 46 }
      },
      "109": {
        "start": { "line": 110, "column": 0 },
        "end": { "line": 110, "column": 23 }
      },
      "110": {
        "start": { "line": 111, "column": 0 },
        "end": { "line": 111, "column": 58 }
      },
      "111": {
        "start": { "line": 112, "column": 0 },
        "end": { "line": 112, "column": 32 }
      },
      "112": {
        "start": { "line": 113, "column": 0 },
        "end": { "line": 113, "column": 30 }
      },
      "113": {
        "start": { "line": 114, "column": 0 },
        "end": { "line": 114, "column": 26 }
      },
      "114": {
        "start": { "line": 115, "column": 0 },
        "end": { "line": 115, "column": 11 }
      },
      "115": {
        "start": { "line": 116, "column": 0 },
        "end": { "line": 116, "column": 14 }
      },
      "116": {
        "start": { "line": 117, "column": 0 },
        "end": { "line": 117, "column": 33 }
      },
      "117": {
        "start": { "line": 118, "column": 0 },
        "end": { "line": 118, "column": 7 }
      },
      "118": {
        "start": { "line": 119, "column": 0 },
        "end": { "line": 119, "column": 13 }
      },
      "119": {
        "start": { "line": 120, "column": 0 },
        "end": { "line": 120, "column": 33 }
      },
      "120": {
        "start": { "line": 121, "column": 0 },
        "end": { "line": 121, "column": 5 }
      },
      "121": {
        "start": { "line": 122, "column": 0 },
        "end": { "line": 122, "column": 3 }
      },
      "123": {
        "start": { "line": 124, "column": 0 },
        "end": { "line": 124, "column": 23 }
      },
      "124": {
        "start": { "line": 125, "column": 0 },
        "end": { "line": 125, "column": 9 }
      },
      "125": {
        "start": { "line": 126, "column": 0 },
        "end": { "line": 126, "column": 28 }
      },
      "126": {
        "start": { "line": 127, "column": 0 },
        "end": { "line": 127, "column": 57 }
      },
      "127": {
        "start": { "line": 128, "column": 0 },
        "end": { "line": 128, "column": 80 }
      },
      "128": {
        "start": { "line": 129, "column": 0 },
        "end": { "line": 129, "column": 22 }
      },
      "129": {
        "start": { "line": 130, "column": 0 },
        "end": { "line": 130, "column": 25 }
      },
      "130": {
        "start": { "line": 131, "column": 0 },
        "end": { "line": 131, "column": 29 }
      },
      "131": {
        "start": { "line": 132, "column": 0 },
        "end": { "line": 132, "column": 20 }
      },
      "132": {
        "start": { "line": 133, "column": 0 },
        "end": { "line": 133, "column": 31 }
      },
      "133": {
        "start": { "line": 134, "column": 0 },
        "end": { "line": 134, "column": 29 }
      },
      "134": {
        "start": { "line": 135, "column": 0 },
        "end": { "line": 135, "column": 13 }
      },
      "135": {
        "start": { "line": 136, "column": 0 },
        "end": { "line": 136, "column": 16 }
      },
      "136": {
        "start": { "line": 137, "column": 0 },
        "end": { "line": 137, "column": 41 }
      },
      "137": {
        "start": { "line": 138, "column": 0 },
        "end": { "line": 138, "column": 75 }
      },
      "138": {
        "start": { "line": 139, "column": 0 },
        "end": { "line": 139, "column": 40 }
      },
      "139": {
        "start": { "line": 140, "column": 0 },
        "end": { "line": 140, "column": 27 }
      },
      "140": {
        "start": { "line": 141, "column": 0 },
        "end": { "line": 141, "column": 45 }
      },
      "141": {
        "start": { "line": 142, "column": 0 },
        "end": { "line": 142, "column": 22 }
      },
      "142": {
        "start": { "line": 143, "column": 0 },
        "end": { "line": 143, "column": 33 }
      },
      "143": {
        "start": { "line": 144, "column": 0 },
        "end": { "line": 144, "column": 31 }
      },
      "144": {
        "start": { "line": 145, "column": 0 },
        "end": { "line": 145, "column": 15 }
      },
      "145": {
        "start": { "line": 146, "column": 0 },
        "end": { "line": 146, "column": 18 }
      },
[...]
          "end": { "line": 5, "column": 1 }
        },
        "locations": [
          {
            "start": { "line": 3, "column": 7 },
            "end": { "line": 5, "column": 1 }
          }
        ]
      },
      "1": {
        "type": "branch",
        "line": 7,
        "loc": {
          "start": { "line": 7, "column": 7 },
          "end": { "line": 9, "column": 1 }
        },
        "locations": [
          {
            "start": { "line": 7, "column": 7 },
            "end": { "line": 9, "column": 1 }
          }
        ]
      },
      "2": {
        "type": "branch",
        "line": 8,
        "loc": {
          "start": { "line": 8, "column": 56 },
          "end": { "line": 8, "column": 64 }
        },
        "locations": [
          {
            "start": { "line": 8, "column": 56 },
            "end": { "line": 8, "column": 64 }
          }
        ]
      }
    },
    "b": { "0": [2], "1": [11], "2": [3] },
    "fnMap": {
      "0": {
        "name": "setSearchValueInLocalStorage",
        "decl": {
          "start": { "line": 3, "column": 7 },
          "end": { "line": 5, "column": 1 }
        },
        "loc": {
          "start": { "line": 3, "column": 7 },
          "end": { "line": 5, "column": 1 }
        },
        "line": 3
      },
      "1": {
        "name": "getSearchValueFromLocalStorage",
        "decl": {
          "start": { "line": 7, "column": 7 },
          "end": { "line": 9, "column": 1 }
        },
        "loc": {
          "start": { "line": 7, "column": 7 },
          "end": { "line": 9, "column": 1 }
        },
        "line": 7
      }
    },
    "f": { "0": 2, "1": 11 }
  },
  "D:\\prog\\js\\class-components\\src\\service\\api.ts": {
    "path": "D:\\prog\\js\\class-components\\src\\service\\api.ts",
    "all": false,
    "statementMap": {
      "0": {
        "start": { "line": 1, "column": 0 },
        "end": { "line": 1, "column": 71 }
      },
      "2": {
        "start": { "line": 3, "column": 0 },
        "end": { "line": 3, "column": 31 }
      },
      "3": {
        "start": { "line": 4, "column": 0 },
        "end": { "line": 4, "column": 21 }
      },
      "4": {
        "start": { "line": 5, "column": 0 },
        "end": { "line": 5, "column": 15 }
      },
      "5": {
        "start": { "line": 6, "column": 0 },
        "end": { "line": 6, "column": 21 }
      },
      "6": {
        "start": { "line": 7, "column": 0 },
        "end": { "line": 7, "column": 2 }
      },
      "8": {
        "start": { "line": 9, "column": 0 },
        "end": { "line": 9, "column": 55 }
      },
      "9": {
        "start": { "line": 10, "column": 0 },
        "end": { "line": 10, "column": 42 }
      },
      "10": {
        "start": { "line": 11, "column": 0 },
        "end": { "line": 11, "column": 16 }
      },
      "11": {
        "start": { "line": 12, "column": 0 },
        "end": { "line": 12, "column": 36 }
      },
      "12": {
        "start": { "line": 13, "column": 0 },
        "end": { "line": 13, "column": 15 }
      },
      "13": {
        "start": { "line": 14, "column": 0 },
        "end": { "line": 14, "column": 19 }
      },
      "14": {
        "start": { "line": 15, "column": 0 },
        "end": { "line": 15, "column": 1 }
      },
      "16": {
        "start": { "line": 17, "column": 0 },
        "end": { "line": 17, "column": 36 }
      },
      "17": {
        "start": { "line": 18, "column": 0 },
        "end": { "line": 18, "column": 17 }
      },
      "18": {
        "start": { "line": 19, "column": 0 },
        "end": { "line": 19, "column": 70 }
      },
      "19": {
        "start": { "line": 20, "column": 0 },
        "end": { "line": 20, "column": 3 }
      },
      "20": {
        "start": { "line": 21, "column": 0 },
        "end": { "line": 21, "column": 29 }
      },
      "21": {
        "start": { "line": 22, "column": 0 },
        "end": { "line": 22, "column": 41 }
      },
      "22": {
        "start": { "line": 23, "column": 0 },
        "end": { "line": 23, "column": 54 }
      },
      "23": {
        "start": { "line": 24, "column": 0 },
        "end": { "line": 24, "column": 5 }
      },
      "24": {
        "start": { "line": 25, "column": 0 },
        "end": { "line": 25, "column": 4 }
      },
      "25": {
        "start": { "line": 26, "column": 0 },
        "end": { "line": 26, "column": 30 }
      },
      "26": {
        "start": { "line": 27, "column": 0 },
        "end": { "line": 27, "column": 32 }
      },
      "27": {
        "start": { "line": 28, "column": 0 },
        "end": { "line": 28, "column": 3 }
      },
      "28": {
        "start": { "line": 29, "column": 0 },
        "end": { "line": 29, "column": 23 }
      },
      "29": {
        "start": { "line": 30, "column": 0 },
        "end": { "line": 30, "column": 1 }
      },
      "31": {
        "start": { "line": 32, "column": 0 },
        "end": { "line": 32, "column": 46 }
      },
      "32": {
        "start": { "line": 33, "column": 0 },
        "end": { "line": 33, "column": 17 }
      },
      "33": {
        "start": { "line": 34, "column": 0 },
        "end": { "line": 34, "column": 23 }
      },
      "34": {
        "start": { "line": 35, "column": 0 },
        "end": { "line": 35, "column": 3 }
      },
      "35": {
        "start": { "line": 36, "column": 0 },
        "end": { "line": 36, "column": 79 }
      },
      "36": {
        "start": { "line": 37, "column": 0 },
        "end": { "line": 37, "column": 30 }
      },
      "37": {
        "start": { "line": 38, "column": 0 },
        "end": { "line": 38, "column": 32 }
      },
      "38": {
        "start": { "line": 39, "column": 0 },
        "end": { "line": 39, "column": 3 }
      },
      "39": {
        "start": { "line": 40, "column": 0 },
        "end": { "line": 40, "column": 70 }
      },
      "40": {
        "start": { "line": 41, "column": 0 },
        "end": { "line": 41, "column": 1 }
      }
    },
    "s": {
      "0": 1,
      "2": 1,
      "3": 1,
      "4": 1,
      "5": 1,
      "6": 1,
      "8": 1,
      "9": 119,
      "10": 68,
      "11": 51,
      "12": 17,
      "13": 34,
      "14": 119,
      "16": 2,
      "17": 2,
      "18": 2,
      "19": 2,
      "20": 2,
      "21": 2,
      "22": 2,
      "23": 2,
      "24": 2,
      "25": 2,
      "26": 0,
      "27": 0,
      "28": 2,
      "29": 2,
      "31": 12,
      "32": 12,
      "33": 12,
      "34": 12,
      "35": 12,
      "36": 12,
      "37": 0,
      "38": 0,
      "39": 12,
      "40": 12
    },
    "branchMap": {
      "0": {
        "type": "branch",
        "line": 9,
        "loc": {
          "start": { "line": 9, "column": 7 },
          "end": { "line": 15, "column": 1 }
        },
        "locations": [
          {
            "start": { "line": 9, "column": 7 },
            "end": { "line": 15, "column": 1 }
          }
        ]
      },
      "1": {
        "type": "branch",
        "line": 10,
        "loc": {
          "start": { "line": 10, "column": 35 },
          "end": { "line": 11, "column": 16 }
        },
        "locations": [
          {
            "start": { "line": 10, "column": 35 },
            "end": { "line": 11, "column": 16 }
          }
        ]
      },
      "2": {
        "type": "branch",
        "line": 11,
        "loc": {
          "start": { "line": 11, "column": 6 },
          "end": { "line": 14, "column": 19 }
        },
        "locations": [
          {
            "start": { "line": 11, "column": 6 },
            "end": { "line": 14, "column": 19 }
          }
        ]
      },
      "3": {
        "type": "branch",
        "line": 12,
        "loc": {
          "start": { "line": 12, "column": 32 },
          "end": { "line": 13, "column": 15 }
        },
        "locations": [
          {
            "start": { "line": 12, "column": 32 },
            "end": { "line": 13, "column": 15 }
          }
        ]
      },
      "4": {
        "type": "branch",
        "line": 13,
        "loc": {
          "start": { "line": 13, "column": 8 },
          "end": { "line": 14, "column": 19 }
        },
        "locations": [
          {
            "start": { "line": 13, "column": 8 },
            "end": { "line": 14, "column": 19 }
          }
        ]
      },
      "5": {
        "type": "branch",
        "line": 17,
        "loc": {
          "start": { "line": 17, "column": 0 },
          "end": { "line": 30, "column": 1 }
        },
        "locations": [
          {
            "start": { "line": 17, "column": 0 },
            "end": { "line": 30, "column": 1 }
          }
        ]
      },
      "6": {
        "type": "branch",
        "line": 26,
        "loc": {
          "start": { "line": 26, "column": 29 },
          "end": { "line": 28, "column": 3 }
        },
        "locations": [
          {
            "start": { "line": 26, "column": 29 },
            "end": { "line": 28, "column": 3 }
          }
        ]
      },
      "7": {
        "type": "branch",
        "line": 32,
        "loc": {
          "start": { "line": 32, "column": 0 },
          "end": { "line": 41, "column": 1 }
        },
        "locations": [
          {
            "start": { "line": 32, "column": 0 },
            "end": { "line": 41, "column": 1 }
          }
        ]
      },
      "8": {
        "type": "branch",
        "line": 36,
        "loc": {
          "start": { "line": 36, "column": 77 },
          "end": { "line": 37, "column": 29 }
        },
        "locations": [
          {
            "start": { "line": 36, "column": 77 },
            "end": { "line": 37, "column": 29 }
          }
        ]
      },
      "9": {
        "type": "branch",
        "line": 37,
        "loc": {
          "start": { "line": 37, "column": 29 },
          "end": { "line": 39, "column": 3 }
        },
        "locations": [
          {
            "start": { "line": 37, "column": 29 },
            "end": { "line": 39, "column": 3 }
          }
        ]
      },
      "10": {
        "type": "branch",
        "line": 39,
        "loc": {
          "start": { "line": 39, "column": 2 },
          "end": { "line": 40, "column": 49 }
        },
        "locations": [
          {
            "start": { "line": 39, "column": 2 },
            "end": { "line": 40, "column": 49 }
          }
        ]
      },
      "11": {
        "type": "branch",
        "line": 40,
        "loc": {
          "start": { "line": 40, "column": 45 },
          "end": { "line": 40, "column": 56 }
        },
        "locations": [
          {
            "start": { "line": 40, "column": 45 },
            "end": { "line": 40, "column": 56 }
          }
        ]
      },
      "12": {
        "type": "branch",
        "line": 40,
        "loc": {
          "start": { "line": 40, "column": 49 },
          "end": { "line": 40, "column": 70 }
        },
        "locations": [
          {
            "start": { "line": 40, "column": 49 },
            "end": { "line": 40, "column": 70 }
          }
        ]
      }
    },
    "b": {
      "0": [119],
      "1": [68],
      "2": [51],
      "3": [17],
      "4": [34],
      "5": [2],
      "6": [0],
      "7": [12],
      "8": [11],
      "9": [0],
      "10": [11],
      "11": [6],
      "12": [5]
    },
    "fnMap": {
      "0": {
        "name": "getUrlByRequestOption",
        "decl": {
          "start": { "line": 9, "column": 7 },
          "end": { "line": 15, "column": 1 }
        },
        "loc": {
          "start": { "line": 9, "column": 7 },
          "end": { "line": 15, "column": 1 }
        },
        "line": 9
      },
      "1": {
        "name": "getAllRequest",
        "decl": {
          "start": { "line": 17, "column": 0 },
          "end": { "line": 30, "column": 1 }
        },
        "loc": {
          "start": { "line": 17, "column": 0 },
          "end": { "line": 30, "column": 1 }
        },
        "line": 17
      },
      "2": {
        "name": "getByNameOrIndexRequest",
        "decl": {
          "start": { "line": 32, "column": 0 },
          "end": { "line": 41, "column": 1 }
        },
        "loc": {
          "start": { "line": 32, "column": 0 },
          "end": { "line": 41, "column": 1 }
        },
        "line": 32
      }
    },
    "f": { "0": 119, "1": 2, "2": 12 }
  },
  "D:\\prog\\js\\class-components\\src\\types\\types.ts": {
    "path": "D:\\prog\\js\\class-components\\src\\types\\types.ts",
    "all": true,
    "statementMap": {},
    "s": {},
    "branchMap": {
      "0": {
        "type": "branch",
        "line": 1,
        "loc": {
          "start": { "line": 1, "column": 587 },
          "end": { "line": 29, "column": 1 }
        },
        "locations": [
          {
            "start": { "line": 1, "column": 587 },
            "end": { "line": 29, "column": 1 }
          }
        ]
      }
    },
    "b": { "0": [1] },
    "fnMap": {
      "0": {
        "name": "(empty-report)",
        "decl": {
          "start": { "line": 1, "column": 587 },
          "end": { "line": 29, "column": 1 }
        },
        "loc": {
          "start": { "line": 1, "column": 587 },
          "end": { "line": 29, "column": 1 }
        },
        "line": 1
      }
    },
    "f": { "0": 1 }
  },
  "D:\\prog\\js\\class-components\\src\\utils\\capitalizeFirstLetter.ts": {
    "path": "D:\\prog\\js\\class-components\\src\\utils\\capitalizeFirstLetter.ts",
    "all": false,
    "statementMap": {
      "0": {
        "start": { "line": 1, "column": 0 },
        "end": { "line": 1, "column": 61 }
      },
      "1": {
        "start": { "line": 2, "column": 0 },
        "end": { "line": 2, "column": 60 }
      },
      "2": {
        "start": { "line": 3, "column": 0 },
        "end": { "line": 3, "column": 1 }
      }
    },
    "s": { "0": 43, "1": 43, "2": 43 },
    "branchMap": {
      "0": {
        "type": "branch",
        "line": 1,
        "loc": {
          "start": { "line": 1, "column": 0 },
          "end": { "line": 3, "column": 1 }
        },
        "locations": [
          {
            "start": { "line": 1, "column": 0 },
            "end": { "line": 3, "column": 1 }
          }
        ]
      }
    },
    "b": { "0": [43] },
    "fnMap": {
      "0": {
        "name": "capitalizeFirstLetter",
        "decl": {
          "start": { "line": 1, "column": 0 },
          "end": { "line": 3, "column": 1 }
        },
        "loc": {
          "start": { "line": 1, "column": 0 },
          "end": { "line": 3, "column": 1 }
        },
        "line": 1
      }
    },
    "f": { "0": 43 }
  },
  "D:\\prog\\js\\class-components\\src\\utils\\getRandomColor.ts": {
    "path": "D:\\prog\\js\\class-components\\src\\utils\\getRandomColor.ts",
    "all": false,
    "statementMap": {
      "0": {
        "start": { "line": 1, "column": 0 },
        "end": { "line": 1, "column": 42 }
      },
      "1": {
        "start": { "line": 2, "column": 0 },
        "end": { "line": 2, "column": 10 }
      },
      "2": {
        "start": { "line": 3, "column": 0 },
        "end": { "line": 3, "column": 13 }
      },
      "3": {
        "start": { "line": 4, "column": 0 },
        "end": { "line": 4, "column": 37 }
      },
      "4": {
        "start": { "line": 5, "column": 0 },
        "end": { "line": 5, "column": 9 }
      },
      "5": {
        "start": { "line": 6, "column": 0 },
        "end": { "line": 6, "column": 37 }
      },
      "6": {
        "start": { "line": 7, "column": 0 },
        "end": { "line": 7, "column": 9 }
      },
      "7": {
        "start": { "line": 8, "column": 0 },
        "end": { "line": 8, "column": 37 }
      },
      "8": {
        "start": { "line": 9, "column": 0 },
        "end": { "line": 9, "column": 12 }
      },
      "10": {
        "start": { "line": 11, "column": 0 },
        "end": { "line": 11, "column": 1 }
      }
    },
    "s": {
      "0": 20,
      "1": 20,
      "2": 20,
      "3": 20,
      "4": 20,
      "5": 20,
      "6": 20,
      "7": 20,
      "8": 20,
      "10": 20
    },
    "branchMap": {
      "0": {
        "type": "branch",
        "line": 1,
        "loc": {
          "start": { "line": 1, "column": 0 },
          "end": { "line": 11, "column": 1 }
        },
        "locations": [
          {
            "start": { "line": 1, "column": 0 },
            "end": { "line": 11, "column": 1 }
          }
        ]
      }
    },
    "b": { "0": [20] },
    "fnMap": {
      "0": {
        "name": "getRandomColor",
        "decl": {
          "start": { "line": 1, "column": 0 },
          "end": { "line": 11, "column": 1 }
        },
        "loc": {
          "start": { "line": 1, "column": 0 },
          "end": { "line": 11, "column": 1 }
        },
        "line": 1
      }
    },
    "f": { "0": 20 }
  },
  "D:\\prog\\js\\class-components\\src\\utils\\isValidRequestString.ts": {
    "path": "D:\\prog\\js\\class-components\\src\\utils\\isValidRequestString.ts",
    "all": false,
    "statementMap": {
      "0": {
        "start": { "line": 1, "column": 0 },
        "end": { "line": 1, "column": 47 }
      },
      "2": {
        "start": { "line": 3, "column": 0 },
        "end": { "line": 3, "column": 59 }
      },
      "3": {
        "start": { "line": 4, "column": 0 },
        "end": { "line": 4, "column": 25 }
      },
      "4": {
        "start": { "line": 5, "column": 0 },
        "end": { "line": 5, "column": 22 }
      },
      "5": {
        "start": { "line": 6, "column": 0 },
        "end": { "line": 6, "column": 41 }
      },
      "6": {
        "start": { "line": 7, "column": 0 },
        "end": { "line": 7, "column": 44 }
      },
      "7": {
        "start": { "line": 8, "column": 0 },
        "end": { "line": 8, "column": 5 }
      },
      "8": {
        "start": { "line": 9, "column": 0 },
        "end": { "line": 9, "column": 21 }
      },
      "9": {
        "start": { "line": 10, "column": 0 },
        "end": { "line": 10, "column": 1 }
      }
    },
    "s": {
      "0": 1,
      "2": 13,
      "3": 13,
      "4": 12,
      "5": 12,
      "6": 36,
      "7": 12,
      "8": 12,
      "9": 12
    },
    "branchMap": {
      "0": {
        "type": "branch",
        "line": 3,
        "loc": {
          "start": { "line": 3, "column": 0 },
          "end": { "line": 10, "column": 1 }
        },
        "locations": [
          {
            "start": { "line": 3, "column": 0 },
            "end": { "line": 10, "column": 1 }
          }
        ]
      },
      "1": {
        "type": "branch",
        "line": 4,
        "loc": {
          "start": { "line": 4, "column": 12 },
          "end": { "line": 4, "column": 25 }
        },
        "locations": [
          {
            "start": { "line": 4, "column": 12 },
            "end": { "line": 4, "column": 25 }
          }
        ]
      },
      "2": {
        "type": "branch",
        "line": 4,
        "loc": {
          "start": { "line": 4, "column": 19 },
          "end": { "line": 10, "column": 1 }
        },
        "locations": [
          {
            "start": { "line": 4, "column": 19 },
            "end": { "line": 10, "column": 1 }
          }
        ]
      },
      "3": {
        "type": "branch",
        "line": 6,
        "loc": {
          "start": { "line": 6, "column": 33 },
          "end": { "line": 8, "column": 3 }
        },
        "locations": [
          {
            "start": { "line": 6, "column": 33 },
            "end": { "line": 8, "column": 3 }
          }
        ]
      }
    },
    "b": { "0": [13], "1": [1], "2": [12], "3": [36] },
    "fnMap": {
      "0": {
        "name": "isValidRequestString",
        "decl": {
          "start": { "line": 3, "column": 0 },
          "end": { "line": 10, "column": 1 }
        },
        "loc": {
          "start": { "line": 3, "column": 0 },
          "end": { "line": 10, "column": 1 }
        },
        "line": 3
      }
    },
    "f": { "0": 13 }
  }
}
